<?xml version="1.0" encoding="UTF-8"?>
<testng-results skipped="0" failed="0" ignored="0" total="1" passed="1">
  <reporter-output>
  </reporter-output>
  <suite name="Suite" duration-ms="36561" started-at="2019-04-11T11:34:58Z" finished-at="2019-04-11T11:35:34Z">
    <groups>
    </groups>
    <test name="Test" duration-ms="36561" started-at="2019-04-11T11:34:58Z" finished-at="2019-04-11T11:35:34Z">
      <class name="org_automation_mccormick_testcases.TC_003_ValidateContactUsPageFunctionality">
        <test-method status="PASS" signature="InitiateDriverInstance()[pri:0, instance:org_automation_mccormick_testcases.TC_003_ValidateContactUsPageFunctionality@6a4f787b]" name="InitiateDriverInstance" is-config="true" duration-ms="15456" started-at="2019-04-11T11:34:58Z" finished-at="2019-04-11T11:35:14Z">
          <reporter-output>
          </reporter-output>
        </test-method> <!-- InitiateDriverInstance -->
        <test-method status="PASS" signature="tc_003_ContactUSPage(java.lang.String, java.lang.String, java.lang.String, java.lang.String, java.lang.String, java.lang.String, java.lang.String, java.lang.String, java.lang.String, java.lang.String, java.lang.String, java.lang.String)[pri:0, instance:org_automation_mccormick_testcases.TC_003_ValidateContactUsPageFunctionality@6a4f787b]" name="tc_003_ContactUSPage" duration-ms="19464" started-at="2019-04-11T11:35:14Z" data-provider="Excel" finished-at="2019-04-11T11:35:33Z">
          <params>
            <param index="0">
              <value>
                <![CDATA[test@gmail.com]]>
              </value>
            </param>
            <param index="1">
              <value>
                <![CDATA[test@gmail.com]]>
              </value>
            </param>
            <param index="2">
              <value>
                <![CDATA[ABC]]>
              </value>
            </param>
            <param index="3">
              <value>
                <![CDATA[ABC123]]>
              </value>
            </param>
            <param index="4">
              <value>
                <![CDATA[ABC]]>
              </value>
            </param>
            <param index="5">
              <value>
                <![CDATA[This is for contact us form testing]]>
              </value>
            </param>
            <param index="6">
              <value>
                <![CDATA[Test]]>
              </value>
            </param>
            <param index="7">
              <value>
                <![CDATA[User]]>
              </value>
            </param>
            <param index="8">
              <value>
                <![CDATA[ABC]]>
              </value>
            </param>
            <param index="9">
              <value>
                <![CDATA[ABC]]>
              </value>
            </param>
            <param index="10">
              <value>
                <![CDATA[12345]]>
              </value>
            </param>
            <param index="11">
              <value>
                <![CDATA[9876543210]]>
              </value>
            </param>
          </params>
          <reporter-output>
          </reporter-output>
        </test-method> <!-- tc_003_ContactUSPage -->
        <test-method status="PASS" signature="CloseDriverInstance()[pri:0, instance:org_automation_mccormick_testcases.TC_003_ValidateContactUsPageFunctionality@6a4f787b]" name="CloseDriverInstance" is-config="true" duration-ms="1079" started-at="2019-04-11T11:35:33Z" finished-at="2019-04-11T11:35:34Z">
          <reporter-output>
          </reporter-output>
        </test-method> <!-- CloseDriverInstance -->
      </class> <!-- org_automation_mccormick_testcases.TC_003_ValidateContactUsPageFunctionality -->
    </test> <!-- Test -->
  </suite> <!-- Suite -->
</testng-results>
