<?xml version="1.0" encoding="UTF-8"?>
<!-- Generated by org.testng.reporters.JUnitXMLReporter -->
<testsuite hostname="PF0S8195" ignored="0" name="Test" tests="4" failures="0" timestamp="07 Mar 2019 20:23:57 GMT" time="135.53" errors="0">
  <testcase name="tc_001_loginfunctinality" time="13.539" classname="org.automation.mccormick.testcases.TC_001_ValidateLoginFunctionality"/>
  <testcase name="tc_001_loginfunctinality" time="13.438" classname="org.automation.mccormick.testcases.TC_001_ValidateLoginFunctionality"/>
  <testcase name="tc_003_ContactUSPage" time="20.075" classname="org.automation.mccormick.testcases.TC_003_ValidateContactUsPageFunctionality"/>
  <testcase name="tc_002_registration" time="22.406" classname="org.automation.mccormick.testcases.TC_002_ValidateRegistrationFunctionality"/>
</testsuite> <!-- Test -->
